<?xml version="1.0" encoding="UTF-8"?>
<testng-results skipped="0" failed="0" ignored="0" total="1" passed="1">
  <reporter-output>
  </reporter-output>
  <suite name="Suite" duration-ms="986" started-at="2018-10-05T23:43:15Z" finished-at="2018-10-05T23:43:16Z">
    <groups>
    </groups>
    <test name="Test" duration-ms="986" started-at="2018-10-05T23:43:15Z" finished-at="2018-10-05T23:43:16Z">
      <class name="excelPackage.DataDriven">
        <test-method status="PASS" signature="getData(java.lang.String)[pri:0, instance:excelPackage.DataDriven@2a742aa2]" name="getData" duration-ms="952" started-at="2018-10-05T23:43:15Z" finished-at="2018-10-05T23:43:16Z">
          <params>
            <param index="0">
              <value>
                <![CDATA[UK_CTM]]>
              </value>
            </param>
          </params>
          <reporter-output>
          </reporter-output>
        </test-method> <!-- getData -->
      </class> <!-- excelPackage.DataDriven -->
    </test> <!-- Test -->
  </suite> <!-- Suite -->
</testng-results>
